[KOUN-GR v1.3.29] The Adjoint Protocol
Strategy: N=32, Gamma=1.0
Features: Exact Gradient Fallback (JAX AD) + Merit-Aware Descent
Grid: 32^3 | Gamma: 1.0 | Stretch: ~2.7x
Iter  | Residual     | Rel Res      | dt        | Status                                       
--------------------------------------------------------------------------------------------------------------
0     | 1.0191e-01   | 1.0000e+00   | 1.10e-01  | ACC (a=1.0,t=0)  [NEWTON]
1     | 1.0185e-01   | 9.9945e-01   | 1.21e-01  | ACC (a=1.0,t=0)  [NEWTON]
2     | 1.0179e-01   | 9.9886e-01   | 1.33e-01  | ACC (a=1.0,t=0)  [NEWTON]
3     | 1.0173e-01   | 9.9822e-01   | 1.46e-01  | ACC (a=1.0,t=0)  [NEWTON]
4     | 1.0166e-01   | 9.9752e-01   | 1.61e-01  | ACC (a=1.0,t=0)  [NEWTON]
5     | 1.0158e-01   | 9.9677e-01   | 1.77e-01  | ACC (a=1.0,t=0)  [NEWTON]
6     | 1.0150e-01   | 9.9596e-01   | 1.95e-01  | ACC (a=1.0,t=0)  [NEWTON]
7     | 1.0141e-01   | 9.9510e-01   | 2.14e-01  | ACC (a=1.0,t=0)  [NEWTON]
8     | 1.0131e-01   | 9.9417e-01   | 2.36e-01  | ACC (a=1.0,t=0)  [NEWTON]
9     | 1.0121e-01   | 9.9317e-01   | 2.59e-01  | ACC (a=1.0,t=0)  [NEWTON]
10    | 1.0111e-01   | 9.9211e-01   | 2.85e-01  | ACC (a=1.0,t=0)  [NEWTON]
11    | 1.0099e-01   | 9.9099e-01   | 3.14e-01  | ACC (a=1.0,t=0)  [NEWTON]
12    | 1.0087e-01   | 9.8981e-01   | 3.45e-01  | ACC (a=1.0,t=0)  [NEWTON]
13    | 1.0074e-01   | 9.8856e-01   | 3.80e-01  | ACC (a=1.0,t=0)  [NEWTON]
14    | 1.0061e-01   | 9.8726e-01   | 4.18e-01  | ACC (a=1.0,t=0)  [NEWTON]
15    | 1.0047e-01   | 9.8591e-01   | 4.59e-01  | ACC (a=1.0,t=0)  [NEWTON]
16    | 1.0033e-01   | 9.8453e-01   | 5.05e-01  | ACC (a=1.0,t=0)  [NEWTON]
17    | 1.0019e-01   | 9.8312e-01   | 5.56e-01  | ACC (a=1.0,t=0)  [NEWTON]
18    | 1.0004e-01   | 9.8170e-01   | 6.12e-01  | ACC (a=1.0,t=0)  [NEWTON]
19    | 9.9901e-02   | 9.8030e-01   | 6.73e-01  | ACC (a=1.0,t=0)  [NEWTON]
20    | 9.9763e-02   | 9.7894e-01   | 7.40e-01  | ACC (a=1.0,t=0)  [NEWTON]
21    | 9.9633e-02   | 9.7767e-01   | 8.14e-01  | ACC (a=1.0,t=0)  [NEWTON]
22    | 9.9516e-02   | 9.7652e-01   | 8.95e-01  | ACC (a=1.0,t=0)  [NEWTON]
23    | 9.9417e-02   | 9.7555e-01   | 9.85e-01  | ACC (a=1.0,t=0)  [NEWTON]
24    | 9.9343e-02   | 9.7482e-01   | 1.08e+00  | ACC (a=1.0,t=0)  [NEWTON]
25    | 9.9302e-02   | 9.7442e-01   | 1.08e+00  | ACC (a=0.5,t=0)  [NEWTON]
26    | 9.9299e-02   | 9.7439e-01   | 9.75e-01  | ACC (a=0.0625,t=0)  [NEWTON]
27    | 9.9299e-02   | 9.7439e-01   | 8.78e-01  | ACC (a=0.0625,t=0)  [NEWTON]
28    | 9.9300e-02   | 9.7440e-01   | 7.90e-01  | ACC (a=0.0625,t=0)  [NEWTON]
      >>> TRIGGERING ADJOINT GRADIENT (retry=0) <<<
29    | 9.9300e-02   | 9.7440e-01   | 7.11e-01  | ACC (a=0.5,t=0) [SNIPER] [ADJOINT_GRAD]
30    | 9.8840e-02   | 9.6988e-01   | 6.40e-01  | ACC (a=0.03125,t=0)  [NEWTON]
31    | 9.8841e-02   | 9.6989e-01   | 5.76e-01  | ACC (a=0.03125,t=0)  [NEWTON]
32    | 9.8842e-02   | 9.6990e-01   | 5.18e-01  | ACC (a=0.03125,t=0)  [NEWTON]
      >>> TRIGGERING ADJOINT GRADIENT (retry=0) <<<
33    | 9.8842e-02   | 9.6991e-01   | 4.66e-01  | ACC (a=0.5,t=0) [SNIPER] [ADJOINT_GRAD]
34    | 9.8414e-02   | 9.6571e-01   | 4.20e-01  | ACC (a=0.015625,t=0)  [NEWTON]
35    | 9.8415e-02   | 9.6572e-01   | 3.78e-01  | ACC (a=0.03125,t=0)  [NEWTON]
36    | 9.8416e-02   | 9.6572e-01   | 3.40e-01  | ACC (a=0.03125,t=0)  [NEWTON]
      >>> TRIGGERING ADJOINT GRADIENT (retry=0) <<<
37    | 9.8417e-02   | 9.6573e-01   | 3.06e-01  | ACC (a=0.5,t=0) [SNIPER] [ADJOINT_GRAD]
38    | 9.8079e-02   | 9.6242e-01   | 2.75e-01  | ACC (a=0.0625,t=0)  [NEWTON]
39    | 9.8080e-02   | 9.6243e-01   | 2.48e-01  | ACC (a=0.0625,t=0)  [NEWTON]
40    | 9.8081e-02   | 9.6244e-01   | 2.23e-01  | ACC (a=0.0625,t=0)  [NEWTON]
      >>> TRIGGERING ADJOINT GRADIENT (retry=0) <<<
41    | 9.8082e-02   | 9.6245e-01   | 2.01e-01  | ACC (a=0.125,t=0) [SNIPER] [ADJOINT_GRAD]
42    | 9.8030e-02   | 9.6194e-01   | 1.81e-01  | ACC (a=0.125,t=0)  [NEWTON]
43    | 9.8031e-02   | 9.6195e-01   | 1.63e-01  | ACC (a=0.125,t=0)  [NEWTON]
44    | 9.8032e-02   | 9.6196e-01   | 1.46e-01  | ACC (a=0.125,t=0)  [NEWTON]
      >>> TRIGGERING ADJOINT GRADIENT (retry=0) <<<
45    | 9.8033e-02   | 9.6197e-01   | 1.32e-01  | ACC (a=0.0625,t=0) [SNIPER] [ADJOINT_GRAD]
46    | 9.7985e-02   | 9.6150e-01   | 1.19e-01  | ACC (a=0.0625,t=0)  [NEWTON]
47    | 9.7986e-02   | 9.6150e-01   | 1.07e-01  | ACC (a=0.0625,t=0)  [NEWTON]
48    | 9.7986e-02   | 9.6151e-01   | 9.60e-02  | ACC (a=0.0625,t=0)  [NEWTON]
      >>> TRIGGERING ADJOINT GRADIENT (retry=0) <<<
49    | 9.7987e-02   | 9.6151e-01   | 8.64e-02  | ACC (a=0.03125,t=0) [SNIPER] [ADJOINT_GRAD]
50    | 9.7966e-02   | 9.6131e-01   | 7.78e-02  | ACC (a=0.125,t=0)  [NEWTON]
51    | 9.7967e-02   | 9.6132e-01   | 7.00e-02  | ACC (a=0.125,t=0)  [NEWTON]
52    | 9.7968e-02   | 9.6133e-01   | 6.30e-02  | ACC (a=0.125,t=0)  [NEWTON]
      >>> TRIGGERING ADJOINT GRADIENT (retry=0) <<<
53    | 9.7968e-02   | 9.6133e-01   | 5.67e-02  | ACC (a=0.03125,t=0) [SNIPER] [ADJOINT_GRAD]
54    | 9.7964e-02   | 9.6129e-01   | 5.67e-02  | ACC (a=0.25,t=0)  [NEWTON]
55    | 9.7965e-02   | 9.6130e-01   | 5.10e-02  | ACC (a=0.125,t=0)  [NEWTON]
56    | 9.7966e-02   | 9.6131e-01   | 5.10e-02  | ACC (a=0.25,t=0)  [NEWTON]
      >>> TRIGGERING ADJOINT GRADIENT (retry=0) <<<
57    | 9.7967e-02   | 9.6132e-01   | 4.59e-02  | ACC (a=0.03125,t=0) [SNIPER] [ADJOINT_GRAD]
58    | 9.7958e-02   | 9.6124e-01   | 4.59e-02  | ACC (a=0.25,t=0)  [NEWTON]
59    | 9.7959e-02   | 9.6124e-01   | 4.59e-02  | ACC (a=0.25,t=0)  [NEWTON]

[SUCCESS] Total Time: 150.3360 s | Range: [0.9991, 1.0713]
